**********************
Windows PowerShell transcript start
Start time: 20220113180347
Username: NA\roland.hernandez
RunAs User: NA\roland.hernandez
Configuration Name: 
Machine: SOS26-PC07 (Microsoft Windows NT 10.0.17763.0)
Host Application: C:\Windows\System32\WindowsPowerShell\v1.0\powershell.exe -Command if((Get-ExecutionPolicy ) -ne 'AllSigned') { Set-ExecutionPolicy -Scope Process Bypass }; & 'C:\Users\roland.hernandez\Desktop\ToastNotification_v2.ps1'
Process ID: 1304
PSVersion: 5.1.17763.1490
PSEdition: Desktop
PSCompatibleVersions: 1.0, 2.0, 3.0, 4.0, 5.0, 5.1.17763.1490
BuildVersion: 10.0.17763.1490
CLRVersion: 4.0.30319.42000
WSManStackVersion: 3.0
PSRemotingProtocolVersion: 2.3
SerializationVersion: 1.1.0.1
**********************
Transcript started, output file is C:\log\ToastLog-202201DD-180347.log
**********************
Windows PowerShell transcript end
End time: 20220113180347
**********************
