**********************
Windows PowerShell transcript start
Start time: 20220113180149
Username: NA\svc.toast
RunAs User: NA\svc.toast
Configuration Name: 
Machine: SOS26-PC07 (Microsoft Windows NT 10.0.17763.0)
Host Application: C:\Windows\System32\WindowsPowerShell\v1.0\powershell.exe -File C:\tasks\toast\ToastNotification_v2.ps1 -ExecutionPolicy Bypass
Process ID: 2396
PSVersion: 5.1.17763.1490
PSEdition: Desktop
PSCompatibleVersions: 1.0, 2.0, 3.0, 4.0, 5.0, 5.1.17763.1490
BuildVersion: 10.0.17763.1490
CLRVersion: 4.0.30319.42000
WSManStackVersion: 3.0
PSRemotingProtocolVersion: 2.3
SerializationVersion: 1.1.0.1
**********************
Transcript started, output file is C:\log\ToastLog-202201DD-180149.log
Exception calling "Show" with "1" argument(s): "Access is denied. (Exception from HRESULT: 0x80070005 (E_ACCESSDENIED))"
At C:\tasks\toast\ToastNotification_v2.ps1:83 char:9
+         [Windows.UI.Notifications.ToastNotificationManager]::CreateTo ...
+         ~~~~~~~~~~~~~~~~~~~~~~~~~~~~~~~~~~~~~~~~~~~~~~~~~~~~~~~~~~~~~
    + CategoryInfo          : NotSpecified: (:) [], MethodInvocationException
    + FullyQualifiedErrorId : UnauthorizedAccessException
Exception calling "Show" with "1" argument(s): "Access is denied. (Exception from HRESULT:
0x80070005 (E_ACCESSDENIED))"
At C:\tasks\toast\ToastNotification_v2.ps1:83 char:9
+         [Windows.UI.Notifications.ToastNotificationManager]::CreateTo ...
+         ~~~~~~~~~~~~~~~~~~~~~~~~~~~~~~~~~~~~~~~~~~~~~~~~~~~~~~~~~~~~~
    + CategoryInfo          : NotSpecified: (:) [], MethodInvocationException
    + FullyQualifiedErrorId : UnauthorizedAccessException

**********************
Windows PowerShell transcript end
End time: 20220113180149
**********************
